[I 190115 13:10:17 user:53] 创建成员-测试通过!
[I 190115 13:10:18 user:38] 删除成员-测试通过!
[I 190115 13:10:18 user:66] 获取成员-测试通过!
[I 190115 13:12:32 user:66] 获取成员-测试通过!
[I 190115 13:12:32 user:53] 创建成员-测试通过!
[I 190115 13:12:54 user:38] 删除成员-测试通过!
[I 190115 13:12:54 user:66] 获取成员-测试通过!
[I 190115 13:13:21 user:53] 创建成员-测试通过!
[I 190115 13:13:21 user:38] 删除成员-测试通过!
[I 190115 13:13:21 user:66] 获取成员-测试通过!
[I 190115 13:14:32 user:54] 创建成员-测试通过!
[I 190115 13:14:32 user:39] 删除成员-测试通过!
[I 190115 13:14:32 user:67] 获取成员-测试通过!
[I 190115 13:15:24 login:34] 获取token-测试通过!
[I 190115 13:15:25 user:54] 创建成员-测试通过!
[I 190115 13:15:25 user:39] 删除成员-测试通过!
[I 190115 13:15:26 user:67] 获取成员-测试通过!
[I 190115 13:16:26 login:34] 获取token-测试通过!
[I 190115 13:16:27 user:43] 创建成员-测试通过!
[I 190115 13:16:27 user:53] 删除成员-测试通过!
[I 190115 13:16:28 user:65] 获取成员-测试通过!
[I 190115 13:18:07 login:34] 获取token-测试通过!
[I 190115 13:18:08 user:54] 创建成员-测试通过!
[I 190115 13:18:08 user:39] 删除成员-测试通过!
[I 190115 13:18:08 user:67] 获取成员-测试通过!
[I 190115 13:18:49 login:34] 获取token-测试通过!
[I 190115 13:18:50 user:54] 创建成员-测试通过!
[I 190115 13:18:50 user:39] 删除成员-测试通过!
[I 190115 13:18:51 user:67] 获取成员-测试通过!
[I 190115 13:19:48 login:34] 获取token-测试通过!
[I 190115 13:19:48 user:69] 创建成员-测试通过!
[I 190115 13:19:49 user:83] 获取成员-测试通过!
[I 190115 13:23:30 login:34] 获取token-测试通过!
[I 190115 13:23:30 user:69] 创建成员-测试通过!
[I 190115 13:23:31 user:83] 获取成员-测试通过!
[I 190115 13:24:08 login:34] 获取token-测试通过!
[I 190115 13:24:08 user:69] 创建成员-测试通过!
[I 190115 13:24:08 user:83] 获取成员-测试通过!
[I 190115 13:26:59 login:34] 获取token-测试通过!
[I 190115 13:27:00 user:54] 创建成员-测试通过!
[I 190115 13:27:00 user:39] 删除成员-测试通过!
[I 190115 13:27:01 user:68] 获取成员-测试通过!
[I 190115 13:27:55 login:34] 获取token-测试通过!
[I 190115 13:27:55 user:54] 创建成员-测试通过!
[I 190115 13:27:56 user:39] 删除成员-测试通过!
[I 190115 13:27:56 user:68] 获取成员-测试通过!
[I 190115 13:28:56 login:34] 获取token-测试通过!
[I 190115 13:28:56 user:54] 创建成员-测试通过!
[I 190115 13:28:57 user:39] 删除成员-测试通过!
[I 190115 13:28:57 user:68] 获取成员-测试通过!
[I 190115 13:29:04 login:34] 获取token-测试通过!
[I 190115 13:29:04 user:54] 创建成员-测试通过!
[I 190115 13:29:05 user:39] 删除成员-测试通过!
[I 190115 13:29:05 user:68] 获取成员-测试通过!
[I 190115 13:30:12 login:34] 获取token-测试通过!
[I 190115 13:30:13 user:54] 创建成员-测试通过!
[I 190115 13:30:13 user:67] 获取成员-测试通过!
[I 190115 13:30:28 login:34] 获取token-测试通过!
[I 190115 13:30:28 user:39] 删除成员-测试通过!
[I 190115 13:30:29 user:54] 创建成员-测试通过!
[I 190115 13:30:29 user:67] 获取成员-测试通过!
[I 190115 13:31:00 login:34] 获取token-测试通过!
[I 190115 13:31:01 user:39] 删除成员-测试通过!
[I 190115 13:31:01 user:54] 创建成员-测试通过!
[I 190115 13:31:02 user:67] 获取成员-测试通过!
[I 190115 13:31:52 login:34] 获取token-测试通过!
[I 190115 13:31:53 user:39] 删除成员-测试通过!
[I 190115 13:31:54 user:67] 获取成员-测试通过!
[I 190115 13:32:55 login:34] 获取token-测试通过!
[I 190115 13:32:55 user:54] 创建成员-测试通过!
[I 190115 13:32:56 user:39] 删除成员-测试通过!
[I 190115 13:32:56 user:67] 获取成员-测试通过!
[I 190115 13:33:58 login:34] 获取token-测试通过!
[I 190115 13:33:58 user:54] 创建成员-测试通过!
[I 190115 13:33:58 user:39] 删除成员-测试通过!
[I 190115 13:33:59 user:67] 获取成员-测试通过!
[I 190115 13:35:12 login:34] 获取token-测试通过!
[I 190115 13:35:12 user:54] 创建成员-测试通过!
[I 190115 13:35:13 user:39] 删除成员-测试通过!
[I 190115 13:35:13 user:67] 获取成员-测试通过!
[I 190115 13:35:24 login:34] 获取token-测试通过!
[I 190115 13:35:25 user:54] 创建成员-测试通过!
[I 190115 13:35:25 user:39] 删除成员-测试通过!
[I 190115 13:35:26 user:67] 获取成员-测试通过!
[I 190115 13:36:01 login:34] 获取token-测试通过!
[I 190115 13:36:01 user:54] 创建成员-测试通过!
[I 190115 13:36:02 user:39] 删除成员-测试通过!
[I 190115 13:36:02 user:67] 获取成员-测试通过!
[I 190115 13:36:16 login:34] 获取token-测试通过!
[I 190115 13:36:16 user:54] 创建成员-测试通过!
[I 190115 13:36:16 user:39] 删除成员-测试通过!
[I 190115 13:36:17 user:67] 获取成员-测试通过!
[I 190115 13:37:38 login:34] 获取token-测试通过!
[I 190115 13:37:38 user:54] 创建成员-测试通过!
[I 190115 13:37:39 user:39] 删除成员-测试通过!
[I 190115 13:37:39 user:67] 获取成员-测试通过!
[I 190115 13:39:04 login:34] 获取token-测试通过!
[I 190115 13:39:05 user:54] 创建成员-测试通过!
[I 190115 13:39:05 user:39] 删除成员-测试通过!
[I 190115 13:39:06 user:67] 获取成员-测试通过!
[I 190115 13:39:15 login:34] 获取token-测试通过!
[I 190115 13:39:16 user:54] 创建成员-测试通过!
[I 190115 13:39:16 user:39] 删除成员-测试通过!
[I 190115 13:39:17 user:67] 获取成员-测试通过!
[I 190115 13:44:14 test_login:34] 获取token-测试通过!
[I 190115 13:44:14 test_user:53] 创建成员-测试通过!
[I 190115 13:44:15 test_user:38] 删除成员-测试通过!
[I 190115 13:44:15 test_user:66] 获取成员-测试通过!
[I 190115 13:44:49 test_login:34] 获取token-测试通过!
[I 190115 13:44:49 test_user:53] 创建成员-测试通过!
[I 190115 13:44:50 test_user:38] 删除成员-测试通过!
[I 190115 13:44:50 test_user:66] 获取成员-测试通过!
[I 190115 13:45:11 test_login:34] 获取token-测试通过!
[I 190115 13:45:12 test_user:53] 创建成员-测试通过!
[I 190115 13:45:12 test_user:38] 删除成员-测试通过!
[I 190115 13:45:12 test_user:66] 获取成员-测试通过!
[I 190115 13:45:23 test_login:34] 获取token-测试通过!
[I 190115 13:45:24 test_user:53] 创建成员-测试通过!
[I 190115 13:45:24 test_user:38] 删除成员-测试通过!
[I 190115 13:45:24 test_user:66] 获取成员-测试通过!
[I 190115 13:45:31 test_login:34] 获取token-测试通过!
[I 190115 13:45:32 test_user:53] 创建成员-测试通过!
[I 190115 13:45:33 test_user:38] 删除成员-测试通过!
[I 190115 13:45:49 test_login:34] 获取token-测试通过!
[I 190115 13:45:50 test_user:53] 创建成员-测试通过!
[I 190115 13:45:50 test_user:38] 删除成员-测试通过!
[I 190115 13:45:51 test_user:66] 获取成员-测试通过!
[I 190115 13:46:45 test_login:34] 获取token-测试通过!
[I 190115 13:46:45 test_user:53] 创建成员-测试通过!
[I 190115 13:46:46 test_user:38] 删除成员-测试通过!
[I 190115 13:46:46 test_user:66] 获取成员-测试通过!
[I 190115 13:54:39 test_login:34] 获取token-测试通过!
[I 190115 13:55:04 test_login:34] 获取token-测试通过!
[I 190115 13:55:04 test_user:53] 创建成员-测试通过!
[I 190115 13:55:29 test_login:34] 获取token-测试通过!
[I 190115 13:55:29 test_user:38] 删除成员-测试通过!
[I 190115 13:55:30 test_user:53] 创建成员-测试通过!
[I 190115 13:55:30 test_user:66] 获取成员-测试通过!
[I 190115 14:12:34 test_login:34] 获取token-测试通过!
[I 190115 14:12:34 test_user:38] 删除成员-测试通过!
[I 190115 14:12:35 test_user:53] 创建成员-测试通过!
[I 190115 14:12:35 test_user:67] 获取成员-测试通过!
[I 190115 19:02:05 run:17] **********运行开始**********
[I 190115 19:02:06 test_login:34] 获取token-测试通过!
[I 190115 19:02:06 test_user:38] 删除成员-测试通过!
[I 190115 19:02:07 test_user:53] 创建成员-测试通过!
[I 190115 19:02:08 test_user:67] 获取成员-测试通过!
[I 190115 19:02:08 run:24] **********运行结束**********
[I 190115 19:06:23 test_department:66] 创建部门-测试通过!
[I 190115 19:10:19 test_department:61] 创建部门-测试通过!
[I 190115 19:11:22 test_department:61] 创建部门-测试通过!
[I 190115 19:15:55 test_department:80] 创建部门-测试通过!
[I 190115 19:16:16 test_department:81] 创建部门-测试通过!
[I 190115 19:17:10 test_department:81] 获取部门列表-测试通过!
[I 190115 19:17:24 test_department:80] 获取部门列表-测试通过!
[I 190115 19:29:54 run:17] **********运行开始**********
[I 190115 19:29:54 base:30] 测试用例结束...
[I 190115 19:29:54 base:30] 测试用例结束...
[I 190115 19:29:54 base:30] 测试用例结束...
[I 190115 19:29:54 run:24] **********运行结束**********
[I 190115 19:30:28 run:17] **********运行开始**********
[I 190115 19:30:28 run:24] **********运行结束**********
[I 190115 19:30:50 run:17] **********运行开始**********
[I 190115 19:30:50 run:24] **********运行结束**********
[I 190115 19:32:20 run:17] **********运行开始**********
[I 190115 19:32:21 base:30] 测试用例结束...
[I 190115 19:32:21 base:30] 测试用例结束...
[I 190115 19:32:21 base:30] 测试用例结束...
[I 190115 19:32:21 run:24] **********运行结束**********
[I 190115 19:33:15 run:17] **********运行开始**********
[I 190115 19:33:15 test_login:28] 获取token-测试通过!
[I 190115 19:33:16 base:30] 测试用例结束...
[I 190115 19:33:17 base:30] 测试用例结束...
[I 190115 19:33:17 base:30] 测试用例结束...
[I 190115 19:33:17 run:24] **********运行结束**********
[I 190115 19:33:47 run:17] **********运行开始**********
[I 190115 19:33:47 test_login:30] 获取token-测试通过!
[I 190115 19:33:48 base:30] 测试用例结束...
[I 190115 19:33:48 base:30] 测试用例结束...
[I 190115 19:33:49 base:30] 测试用例结束...
[I 190115 19:33:49 run:24] **********运行结束**********
[I 190115 19:34:26 run:17] **********运行开始**********
[I 190115 19:34:26 test_login:30] 获取token-测试通过!
[I 190115 19:34:26 test_user:35] 删除成员-测试通过!
[I 190115 19:34:26 base:30] 测试用例结束...
[I 190115 19:34:27 test_user:50] 创建成员-测试通过!
[I 190115 19:34:27 base:30] 测试用例结束...
[I 190115 19:34:27 test_user:63] 获取成员-测试通过!
[I 190115 19:34:27 base:30] 测试用例结束...
[I 190115 19:34:27 run:24] **********运行结束**********
[I 190115 19:40:46 base:30] 测试用例结束...
[I 190115 19:41:07 base:30] 测试用例结束...
[I 190115 19:41:40 base:30] 测试用例结束...
[I 190115 19:44:20 base:30] 测试用例结束...
[I 190115 19:44:45 base:30] 测试用例结束...
[I 190115 19:46:22 run:18] **********运行开始**********
[I 190115 19:46:22 test_login:30] 获取token-测试通过!
[I 190115 19:46:22 base:30] 测试用例结束...
[I 190115 19:46:22 base:30] 测试用例结束...
[I 190115 19:46:23 test_user:63] 获取成员-测试通过!
[I 190115 19:46:23 base:30] 测试用例结束...
[I 190115 19:46:23 test_news:44] 创建部门-测试通过!
[I 190115 19:46:23 base:30] 测试用例结束...
[I 190115 19:46:23 run:26] **********运行结束**********
